<?xml version="1.0" encoding="UTF-8"?>
<robot generator="Robot 4.1.2 (Python 3.8.10 on linux)" generated="20211110 16:33:29.497" rpa="false" schemaversion="2">
<suite id="s1" name="Title" source="/home/thalyta/git/Robot-Framework/qaninja/web/tests/title.robot">
<test id="s1-t1" name="Should See Page Title">
<kw name="Open Browser" library="SeleniumLibrary">
<arg>https://training-wheels-protocol.herokuapp.com/</arg>
<arg>chrome</arg>
<doc>Opens a new browser instance to the optional ``url``.</doc>
<msg timestamp="20211110 16:33:29.651" level="INFO">Opening browser 'chrome' to base url 'https://training-wheels-protocol.herokuapp.com/'.</msg>
<status status="PASS" starttime="20211110 16:33:29.651" endtime="20211110 16:33:33.965"/>
</kw>
<kw name="Title Should Be" library="SeleniumLibrary">
<arg>Training Wheels Protocol</arg>
<doc>Verifies that the current page title equals ``title``.</doc>
<msg timestamp="20211110 16:33:33.998" level="INFO">Page title is 'Training Wheels Protocol'.</msg>
<status status="PASS" starttime="20211110 16:33:33.968" endtime="20211110 16:33:33.998"/>
</kw>
<kw name="Close Browser" library="SeleniumLibrary">
<doc>Closes the current browser.</doc>
<status status="PASS" starttime="20211110 16:33:34.000" endtime="20211110 16:33:34.081"/>
</kw>
<status status="PASS" starttime="20211110 16:33:29.650" endtime="20211110 16:33:34.081"/>
</test>
<status status="PASS" starttime="20211110 16:33:29.498" endtime="20211110 16:33:34.083"/>
</suite>
<statistics>
<total>
<stat pass="1" fail="0" skip="0">All Tests</stat>
</total>
<tag>
</tag>
<suite>
<stat pass="1" fail="0" skip="0" id="s1" name="Title">Title</stat>
</suite>
</statistics>
<errors>
</errors>
</robot>
