<?xml version="1.0" encoding="UTF-8"?>
<robot generator="Robot 4.1.2 (Python 3.8.10 on linux)" generated="20211108 14:16:33.818" rpa="false" schemaversion="2">
<suite id="s1" name="TesteBlog" source="/home/thalyta/git/Robot-Framework/Teste Blog/TesteBlog.robot">
<test id="s1-t1" name="Caso de Teste 02: Ler um post">
<kw name="Acessar a página do blog" library="ResourceBlogTest">
<kw name="Open Browser" library="SeleniumLibrary">
<arg>${URL}</arg>
<arg>${BROWSER}</arg>
<doc>Opens a new browser instance to the optional ``url``.</doc>
<msg timestamp="20211108 14:16:33.990" level="INFO">Opening browser 'Chrome' to base url 'http://robotizandotestes.blogspot.com/'.</msg>
<status status="PASS" starttime="20211108 14:16:33.989" endtime="20211108 14:16:40.553"/>
</kw>
<kw name="Title Should Be" library="SeleniumLibrary">
<arg>Robotizando Testes</arg>
<doc>Verifies that the current page title equals ``title``.</doc>
<msg timestamp="20211108 14:16:40.573" level="INFO">Page title is 'Robotizando Testes'.</msg>
<status status="PASS" starttime="20211108 14:16:40.554" endtime="20211108 14:16:40.573"/>
</kw>
<status status="PASS" starttime="20211108 14:16:33.989" endtime="20211108 14:16:40.574"/>
</kw>
<kw name="Acessar o post &quot;Season Premiere: Introdução ao Robot Framework&quot;" library="ResourceBlogTest" sourcename="Acessar o post &quot;${TEXTO_PESQUISA}&quot;">
<kw name="Pesquisar por um post com &quot;${TEXTO_PESQUISA}&quot;" library="ResourceBlogTest" sourcename="Pesquisar por um post com &quot;${TEXTO_PESQUISA}&quot;">
<kw name="Wait Until Element Is Visible" library="SeleniumLibrary">
<arg>locator=${BTN_PESQUISA}</arg>
<doc>Waits until the element ``locator`` is visible.</doc>
<status status="PASS" starttime="20211108 14:16:40.578" endtime="20211108 14:16:40.621"/>
</kw>
<kw name="Click Button" library="SeleniumLibrary">
<arg>${BTN_PESQUISA}</arg>
<doc>Clicks the button identified by ``locator``.</doc>
<msg timestamp="20211108 14:16:40.621" level="INFO">Clicking button 'css=button.search-expand.touch-icon-button'.</msg>
<status status="PASS" starttime="20211108 14:16:40.621" endtime="20211108 14:16:40.686"/>
</kw>
<kw name="Input Text" library="SeleniumLibrary">
<arg>${INPUT_PESQUISAR}</arg>
<arg>${TEXTO_PESQUISA}</arg>
<doc>Types the given ``text`` into the text field identified by ``locator``.</doc>
<msg timestamp="20211108 14:16:40.687" level="INFO">Typing text 'Season Premiere: Introdução ao Robot Framework' into text field 'name=q'.</msg>
<status status="PASS" starttime="20211108 14:16:40.687" endtime="20211108 14:16:40.842"/>
</kw>
<kw name="Click Element" library="SeleniumLibrary">
<arg>${SUBMIT_PESQUISAR}</arg>
<doc>Click the element identified by ``locator``.</doc>
<msg timestamp="20211108 14:16:40.843" level="INFO">Clicking element 'css=input.search-action.flat-button'.</msg>
<status status="PASS" starttime="20211108 14:16:40.842" endtime="20211108 14:16:43.255"/>
</kw>
<status status="PASS" starttime="20211108 14:16:40.576" endtime="20211108 14:16:43.255"/>
</kw>
<kw name="Click Element" library="SeleniumLibrary">
<arg>${LINK_POST}</arg>
<doc>Click the element identified by ``locator``.</doc>
<msg timestamp="20211108 14:16:43.255" level="INFO">Clicking element 'xpath=//a[contains(text(), 'Season Premiere: Introdução ao Robot Framework')]'.</msg>
<status status="PASS" starttime="20211108 14:16:43.255" endtime="20211108 14:16:45.617"/>
</kw>
<status status="PASS" starttime="20211108 14:16:40.575" endtime="20211108 14:16:45.618"/>
</kw>
<kw name="Conferir se a imagem do robô aparece" library="ResourceBlogTest">
<kw name="Page Should Contain Image" library="SeleniumLibrary">
<arg>${IMG_ROBO}</arg>
<doc>Verifies image identified by ``locator`` is found from current page.</doc>
<msg timestamp="20211108 14:16:45.709" level="INFO">Current page contains image 'xpath=//img[contains(@src,'if_Robot_18_385830_grande')]'.</msg>
<status status="PASS" starttime="20211108 14:16:45.629" endtime="20211108 14:16:45.709"/>
</kw>
<status status="PASS" starttime="20211108 14:16:45.627" endtime="20211108 14:16:45.710"/>
</kw>
<kw name="Conferir se o texto &quot;nesse post vou apresentar-lhes o astro deste blog&quot; aparece" library="ResourceBlogTest" sourcename="Conferir se o texto &quot;${TEXTO_DESEJADO}&quot; aparece">
<kw name="Page Should Contain" library="SeleniumLibrary">
<arg>text=${TEXTO_DESEJADO}</arg>
<doc>Verifies that current page contains ``text``.</doc>
<msg timestamp="20211108 14:16:45.740" level="INFO">Current page contains text 'nesse post vou apresentar-lhes o astro deste blog'.</msg>
<status status="PASS" starttime="20211108 14:16:45.711" endtime="20211108 14:16:45.740"/>
</kw>
<status status="PASS" starttime="20211108 14:16:45.710" endtime="20211108 14:16:45.740"/>
</kw>
<kw name="Fechar navegador" library="ResourceBlogTest">
<kw name="Close Browser" library="SeleniumLibrary">
<doc>Closes the current browser.</doc>
<status status="PASS" starttime="20211108 14:16:45.742" endtime="20211108 14:16:45.822"/>
</kw>
<status status="PASS" starttime="20211108 14:16:45.741" endtime="20211108 14:16:45.822"/>
</kw>
<status status="PASS" starttime="20211108 14:16:33.988" endtime="20211108 14:16:45.823"/>
</test>
<status status="PASS" starttime="20211108 14:16:33.819" endtime="20211108 14:16:45.827"/>
</suite>
<statistics>
<total>
<stat pass="1" fail="0" skip="0">All Tests</stat>
</total>
<tag>
</tag>
<suite>
<stat pass="1" fail="0" skip="0" id="s1" name="TesteBlog">TesteBlog</stat>
</suite>
</statistics>
<errors>
</errors>
</robot>
