<?xml version="1.0" encoding="UTF-8"?>
<robot generator="Robot 4.1.2 (Python 3.8.10 on linux)" generated="20211103 15:31:35.627" rpa="false" schemaversion="2">
<suite id="s1" name="MeuTeste" source="/home/thalyta/git/Robot-Framework/MeuTeste.robot">
<test id="s1-t1" name="Caso numero 01">
<kw name="Minha primeira keyword" library="MeuResource">
<kw name="Log To Console" library="BuiltIn">
<arg>${\n}Hello World!!</arg>
<doc>Logs the given message to the console.</doc>
<status status="PASS" starttime="20211103 15:31:35.653" endtime="20211103 15:31:35.653"/>
</kw>
<status status="PASS" starttime="20211103 15:31:35.652" endtime="20211103 15:31:35.653"/>
</kw>
<status status="PASS" starttime="20211103 15:31:35.652" endtime="20211103 15:31:35.653"/>
</test>
<status status="PASS" starttime="20211103 15:31:35.628" endtime="20211103 15:31:35.654"/>
</suite>
<statistics>
<total>
<stat pass="1" fail="0" skip="0">All Tests</stat>
</total>
<tag>
</tag>
<suite>
<stat pass="1" fail="0" skip="0" id="s1" name="MeuTeste">MeuTeste</stat>
</suite>
</statistics>
<errors>
</errors>
</robot>
