<?xml version="1.0" encoding="UTF-8"?>
<robot generator="Robot 4.1.2 (Python 3.8.10 on linux)" generated="20211110 15:50:01.872" rpa="false" schemaversion="2">
<suite id="s1" name="Tables" source="/home/thalyta/git/Robot-Framework/qaninja/web/tests/tables.robot">
<test id="s1-t1" name="Verifica o valor ao informar o número da linha">
<kw name="Nova sessão" library="base" type="SETUP">
<kw name="Open Browser" library="SeleniumLibrary">
<arg>${url}</arg>
<arg>chrome</arg>
<doc>Opens a new browser instance to the optional ``url``.</doc>
<msg timestamp="20211110 15:50:02.054" level="INFO">Opening browser 'chrome' to base url 'https://training-wheels-protocol.herokuapp.com'.</msg>
<status status="PASS" starttime="20211110 15:50:02.053" endtime="20211110 15:50:08.045"/>
</kw>
<status status="PASS" starttime="20211110 15:50:02.053" endtime="20211110 15:50:08.046"/>
</kw>
<kw name="Go To" library="SeleniumLibrary">
<arg>${url}/tables</arg>
<doc>Navigates the current browser window to the provided ``url``.</doc>
<msg timestamp="20211110 15:50:08.047" level="INFO">Opening url 'https://training-wheels-protocol.herokuapp.com/tables'</msg>
<status status="PASS" starttime="20211110 15:50:08.046" endtime="20211110 15:50:09.123"/>
</kw>
<kw name="Table Row Should Contain" library="SeleniumLibrary">
<arg>id:actors</arg>
<arg>1</arg>
<arg>$ 10.000.000</arg>
<doc>Verifies that table row contains text ``expected``.</doc>
<status status="PASS" starttime="20211110 15:50:09.124" endtime="20211110 15:50:09.275"/>
</kw>
<kw name="Encerra sessão" library="base" type="TEARDOWN">
<kw name="Capture Page Screenshot" library="SeleniumLibrary">
<doc>Takes a screenshot of the current page and embeds it into a log file.</doc>
<msg timestamp="20211110 15:50:09.466" level="INFO" html="true">&lt;/td&gt;&lt;/tr&gt;&lt;tr&gt;&lt;td colspan="3"&gt;&lt;a href="selenium-screenshot-1.png"&gt;&lt;img src="selenium-screenshot-1.png" width="800px"&gt;&lt;/a&gt;</msg>
<status status="PASS" starttime="20211110 15:50:09.276" endtime="20211110 15:50:09.466"/>
</kw>
<kw name="Close Browser" library="SeleniumLibrary">
<doc>Closes the current browser.</doc>
<status status="PASS" starttime="20211110 15:50:09.467" endtime="20211110 15:50:09.534"/>
</kw>
<status status="PASS" starttime="20211110 15:50:09.276" endtime="20211110 15:50:09.535"/>
</kw>
<status status="PASS" starttime="20211110 15:50:02.052" endtime="20211110 15:50:09.535"/>
</test>
<test id="s1-t2" name="Descobre a linha pelo texto e valida os demais valores">
<kw name="Nova sessão" library="base" type="SETUP">
<kw name="Open Browser" library="SeleniumLibrary">
<arg>${url}</arg>
<arg>chrome</arg>
<doc>Opens a new browser instance to the optional ``url``.</doc>
<msg timestamp="20211110 15:50:09.538" level="INFO">Opening browser 'chrome' to base url 'https://training-wheels-protocol.herokuapp.com'.</msg>
<status status="PASS" starttime="20211110 15:50:09.537" endtime="20211110 15:50:15.074"/>
</kw>
<status status="PASS" starttime="20211110 15:50:09.537" endtime="20211110 15:50:15.074"/>
</kw>
<kw name="Go To" library="SeleniumLibrary">
<arg>${url}/tables</arg>
<doc>Navigates the current browser window to the provided ``url``.</doc>
<msg timestamp="20211110 15:50:15.075" level="INFO">Opening url 'https://training-wheels-protocol.herokuapp.com/tables'</msg>
<status status="PASS" starttime="20211110 15:50:15.075" endtime="20211110 15:50:15.460"/>
</kw>
<kw name="Get WebElement" library="SeleniumLibrary">
<var>${target}</var>
<arg>xpath=.//tr[contains(., '@chadwickboseman')]</arg>
<doc>Returns the first WebElement matching the given ``locator``.</doc>
<msg timestamp="20211110 15:50:15.504" level="INFO">${target} = &lt;selenium.webdriver.remote.webelement.WebElement (session="1474a90b5197c967a6b3c556e38053eb", element="9fd2a6d4-0ced-418e-b384-9fa8f374a38f")&gt;</msg>
<status status="PASS" starttime="20211110 15:50:15.460" endtime="20211110 15:50:15.504"/>
</kw>
<kw name="Log" library="BuiltIn">
<arg>${target.text}</arg>
<doc>Logs the given message with the given level.</doc>
<msg timestamp="20211110 15:50:15.583" level="INFO">Chadwick Boseman Pantera Negra Vingadores $ 700.000 @chadwickboseman edit delete</msg>
<status status="PASS" starttime="20211110 15:50:15.505" endtime="20211110 15:50:15.584"/>
</kw>
<kw name="Should Contain" library="BuiltIn">
<arg>${target.text}</arg>
<arg>Pantera Negra</arg>
<doc>Fails if ``container`` does not contain ``item`` one or more times.</doc>
<status status="PASS" starttime="20211110 15:50:15.585" endtime="20211110 15:50:15.604"/>
</kw>
<kw name="Should Contain" library="BuiltIn">
<arg>${target.text}</arg>
<arg>$ 700.000</arg>
<doc>Fails if ``container`` does not contain ``item`` one or more times.</doc>
<status status="PASS" starttime="20211110 15:50:15.604" endtime="20211110 15:50:15.616"/>
</kw>
<kw name="Encerra sessão" library="base" type="TEARDOWN">
<kw name="Capture Page Screenshot" library="SeleniumLibrary">
<doc>Takes a screenshot of the current page and embeds it into a log file.</doc>
<msg timestamp="20211110 15:50:15.791" level="INFO" html="true">&lt;/td&gt;&lt;/tr&gt;&lt;tr&gt;&lt;td colspan="3"&gt;&lt;a href="selenium-screenshot-2.png"&gt;&lt;img src="selenium-screenshot-2.png" width="800px"&gt;&lt;/a&gt;</msg>
<status status="PASS" starttime="20211110 15:50:15.616" endtime="20211110 15:50:15.791"/>
</kw>
<kw name="Close Browser" library="SeleniumLibrary">
<doc>Closes the current browser.</doc>
<status status="PASS" starttime="20211110 15:50:15.791" endtime="20211110 15:50:15.851"/>
</kw>
<status status="PASS" starttime="20211110 15:50:15.616" endtime="20211110 15:50:15.851"/>
</kw>
<status status="PASS" starttime="20211110 15:50:09.536" endtime="20211110 15:50:15.851"/>
</test>
<status status="PASS" starttime="20211110 15:50:01.873" endtime="20211110 15:50:15.853"/>
</suite>
<statistics>
<total>
<stat pass="2" fail="0" skip="0">All Tests</stat>
</total>
<tag>
</tag>
<suite>
<stat pass="2" fail="0" skip="0" id="s1" name="Tables">Tables</stat>
</suite>
</statistics>
<errors>
</errors>
</robot>
