<?xml version="1.0" encoding="UTF-8"?>
<robot generator="Robot 4.1.2 (Python 3.8.10 on linux)" generated="20211109 16:41:31.230" rpa="false" schemaversion="2">
<suite id="s1" name="Tables" source="/home/thalyta/git/Robot-Framework/qaninja/web/tests/tables.robot">
<test id="s1-t1" name="Verifica o valor ao informar o número da linha">
<kw name="Nova sessão" library="base" type="SETUP">
<kw name="Open Browser" library="SeleniumLibrary">
<arg>${url}</arg>
<arg>chrome</arg>
<doc>Opens a new browser instance to the optional ``url``.</doc>
<msg timestamp="20211109 16:41:31.371" level="INFO">Opening browser 'chrome' to base url 'https://training-wheels-protocol.herokuapp.com'.</msg>
<status status="PASS" starttime="20211109 16:41:31.371" endtime="20211109 16:41:38.191"/>
</kw>
<status status="PASS" starttime="20211109 16:41:31.370" endtime="20211109 16:41:38.193"/>
</kw>
<kw name="Go To" library="SeleniumLibrary">
<arg>${url}/tables</arg>
<doc>Navigates the current browser window to the provided ``url``.</doc>
<msg timestamp="20211109 16:41:38.197" level="INFO">Opening url 'https://training-wheels-protocol.herokuapp.com/tables'</msg>
<status status="PASS" starttime="20211109 16:41:38.194" endtime="20211109 16:41:38.565"/>
</kw>
<kw name="Table Row Should Contain" library="SeleniumLibrary">
<arg>id:actors</arg>
<arg>1</arg>
<arg>$ 10.000.000</arg>
<doc>Verifies that table row contains text ``expected``.</doc>
<status status="PASS" starttime="20211109 16:41:38.565" endtime="20211109 16:41:38.660"/>
</kw>
<kw name="Encerra sessão" library="base" type="TEARDOWN">
<kw name="Capture Page Screenshot" library="SeleniumLibrary">
<doc>Takes a screenshot of the current page and embeds it into a log file.</doc>
<msg timestamp="20211109 16:41:38.806" level="INFO" html="true">&lt;/td&gt;&lt;/tr&gt;&lt;tr&gt;&lt;td colspan="3"&gt;&lt;a href="selenium-screenshot-42.png"&gt;&lt;img src="selenium-screenshot-42.png" width="800px"&gt;&lt;/a&gt;</msg>
<status status="PASS" starttime="20211109 16:41:38.661" endtime="20211109 16:41:38.806"/>
</kw>
<kw name="Close Browser" library="SeleniumLibrary">
<doc>Closes the current browser.</doc>
<status status="PASS" starttime="20211109 16:41:38.806" endtime="20211109 16:41:38.867"/>
</kw>
<status status="PASS" starttime="20211109 16:41:38.661" endtime="20211109 16:41:38.868"/>
</kw>
<status status="PASS" starttime="20211109 16:41:31.369" endtime="20211109 16:41:38.869"/>
</test>
<test id="s1-t2" name="Descobre a linha pelo texto e valida os demais valores">
<kw name="Nova sessão" library="base" type="SETUP">
<kw name="Open Browser" library="SeleniumLibrary">
<arg>${url}</arg>
<arg>chrome</arg>
<doc>Opens a new browser instance to the optional ``url``.</doc>
<msg timestamp="20211109 16:41:38.875" level="INFO">Opening browser 'chrome' to base url 'https://training-wheels-protocol.herokuapp.com'.</msg>
<status status="PASS" starttime="20211109 16:41:38.874" endtime="20211109 16:41:44.310"/>
</kw>
<status status="PASS" starttime="20211109 16:41:38.874" endtime="20211109 16:41:44.311"/>
</kw>
<kw name="Go To" library="SeleniumLibrary">
<arg>${url}/tables</arg>
<doc>Navigates the current browser window to the provided ``url``.</doc>
<msg timestamp="20211109 16:41:44.314" level="INFO">Opening url 'https://training-wheels-protocol.herokuapp.com/tables'</msg>
<status status="PASS" starttime="20211109 16:41:44.312" endtime="20211109 16:41:44.967"/>
</kw>
<kw name="Get WebElement" library="SeleniumLibrary">
<var>${target}</var>
<arg>xpath=.//tr[contains(., '@chadwickboseman')]</arg>
<doc>Returns the first WebElement matching the given ``locator``.</doc>
<msg timestamp="20211109 16:41:44.993" level="INFO">${target} = &lt;selenium.webdriver.remote.webelement.WebElement (session="87b8bb45d30ee4416dcdb6621760ccd8", element="23011010-0818-480f-8f57-d68bc0298354")&gt;</msg>
<status status="PASS" starttime="20211109 16:41:44.967" endtime="20211109 16:41:44.993"/>
</kw>
<kw name="Log To Console" library="BuiltIn">
<arg>${target.text}</arg>
<doc>Logs the given message to the console.</doc>
<status status="PASS" starttime="20211109 16:41:44.993" endtime="20211109 16:41:45.015"/>
</kw>
<kw name="Should Contain" library="BuiltIn">
<arg>${target.text}</arg>
<arg>Pantera Negra</arg>
<doc>Fails if ``container`` does not contain ``item`` one or more times.</doc>
<status status="PASS" starttime="20211109 16:41:45.015" endtime="20211109 16:41:45.026"/>
</kw>
<kw name="Should Contain" library="BuiltIn">
<arg>${target.text}</arg>
<arg>$ 700.000</arg>
<doc>Fails if ``container`` does not contain ``item`` one or more times.</doc>
<status status="PASS" starttime="20211109 16:41:45.026" endtime="20211109 16:41:45.037"/>
</kw>
<kw name="Encerra sessão" library="base" type="TEARDOWN">
<kw name="Capture Page Screenshot" library="SeleniumLibrary">
<doc>Takes a screenshot of the current page and embeds it into a log file.</doc>
<msg timestamp="20211109 16:41:45.206" level="INFO" html="true">&lt;/td&gt;&lt;/tr&gt;&lt;tr&gt;&lt;td colspan="3"&gt;&lt;a href="selenium-screenshot-43.png"&gt;&lt;img src="selenium-screenshot-43.png" width="800px"&gt;&lt;/a&gt;</msg>
<status status="PASS" starttime="20211109 16:41:45.040" endtime="20211109 16:41:45.206"/>
</kw>
<kw name="Close Browser" library="SeleniumLibrary">
<doc>Closes the current browser.</doc>
<status status="PASS" starttime="20211109 16:41:45.206" endtime="20211109 16:41:45.269"/>
</kw>
<status status="PASS" starttime="20211109 16:41:45.038" endtime="20211109 16:41:45.269"/>
</kw>
<status status="PASS" starttime="20211109 16:41:38.872" endtime="20211109 16:41:45.269"/>
</test>
<status status="PASS" starttime="20211109 16:41:31.231" endtime="20211109 16:41:45.271"/>
</suite>
<statistics>
<total>
<stat pass="2" fail="0" skip="0">All Tests</stat>
</total>
<tag>
</tag>
<suite>
<stat pass="2" fail="0" skip="0" id="s1" name="Tables">Tables</stat>
</suite>
</statistics>
<errors>
</errors>
</robot>
