<?xml version="1.0" encoding="UTF-8"?>
<robot generator="Robot 4.1.2 (Python 3.8.10 on linux)" generated="20211109 18:13:23.423" rpa="false" schemaversion="2">
<suite id="s1" name="Tests" source="/home/thalyta/git/Robot-Framework/qaninja/web/tests">
<suite id="s1-s1" name="Login Form" source="/home/thalyta/git/Robot-Framework/qaninja/web/tests/login_form.robot">
<test id="s1-s1-t1" name="Login com sucesso">
<kw name="Nova sessão" library="base" type="SETUP">
<kw name="Open Browser" library="SeleniumLibrary">
<arg>${url}</arg>
<arg>chrome</arg>
<doc>Opens a new browser instance to the optional ``url``.</doc>
<msg timestamp="20211109 18:13:23.586" level="INFO">Opening browser 'chrome' to base url 'https://training-wheels-protocol.herokuapp.com'.</msg>
<status status="PASS" starttime="20211109 18:13:23.585" endtime="20211109 18:13:27.309"/>
</kw>
<status status="PASS" starttime="20211109 18:13:23.585" endtime="20211109 18:13:27.311"/>
</kw>
<kw name="Go To" library="SeleniumLibrary">
<arg>${url}/login</arg>
<doc>Navigates the current browser window to the provided ``url``.</doc>
<msg timestamp="20211109 18:13:27.314" level="INFO">Opening url 'https://training-wheels-protocol.herokuapp.com/login'</msg>
<status status="PASS" starttime="20211109 18:13:27.312" endtime="20211109 18:13:27.735"/>
</kw>
<kw name="Login With">
<arg>stark</arg>
<arg>jarvis!</arg>
<kw name="Input Text" library="SeleniumLibrary">
<arg>css:input[name=username]</arg>
<arg>${username}</arg>
<doc>Types the given ``text`` into the text field identified by ``locator``.</doc>
<msg timestamp="20211109 18:13:27.738" level="INFO">Typing text 'stark' into text field 'css:input[name=username]'.</msg>
<status status="PASS" starttime="20211109 18:13:27.737" endtime="20211109 18:13:27.869"/>
</kw>
<kw name="Input Text" library="SeleniumLibrary">
<arg>css:input[name=password]</arg>
<arg>${password}</arg>
<doc>Types the given ``text`` into the text field identified by ``locator``.</doc>
<msg timestamp="20211109 18:13:27.869" level="INFO">Typing text 'jarvis!' into text field 'css:input[name=password]'.</msg>
<status status="PASS" starttime="20211109 18:13:27.869" endtime="20211109 18:13:27.961"/>
</kw>
<kw name="Click Element" library="SeleniumLibrary">
<arg>class:btn-login</arg>
<doc>Click the element identified by ``locator``.</doc>
<msg timestamp="20211109 18:13:27.962" level="INFO">Clicking element 'class:btn-login'.</msg>
<status status="PASS" starttime="20211109 18:13:27.961" endtime="20211109 18:13:28.492"/>
</kw>
<status status="PASS" starttime="20211109 18:13:27.735" endtime="20211109 18:13:28.493"/>
</kw>
<kw name="Should See Logged user">
<arg>Tony Stark</arg>
<kw name="Page Should Contain" library="SeleniumLibrary">
<arg>Olá, ${full_name}. Você acessou a área logada!</arg>
<doc>Verifies that current page contains ``text``.</doc>
<msg timestamp="20211109 18:13:28.551" level="INFO">Current page contains text 'Olá, Tony Stark. Você acessou a área logada!'.</msg>
<status status="PASS" starttime="20211109 18:13:28.493" endtime="20211109 18:13:28.551"/>
</kw>
<status status="PASS" starttime="20211109 18:13:28.493" endtime="20211109 18:13:28.551"/>
</kw>
<kw name="Encerra sessão" library="base" type="TEARDOWN">
<kw name="Capture Page Screenshot" library="SeleniumLibrary">
<doc>Takes a screenshot of the current page and embeds it into a log file.</doc>
<msg timestamp="20211109 18:13:28.720" level="INFO" html="true">&lt;/td&gt;&lt;/tr&gt;&lt;tr&gt;&lt;td colspan="3"&gt;&lt;a href="selenium-screenshot-59.png"&gt;&lt;img src="selenium-screenshot-59.png" width="800px"&gt;&lt;/a&gt;</msg>
<status status="PASS" starttime="20211109 18:13:28.552" endtime="20211109 18:13:28.721"/>
</kw>
<kw name="Close Browser" library="SeleniumLibrary">
<doc>Closes the current browser.</doc>
<status status="PASS" starttime="20211109 18:13:28.721" endtime="20211109 18:13:28.785"/>
</kw>
<status status="PASS" starttime="20211109 18:13:28.551" endtime="20211109 18:13:28.785"/>
</kw>
<tag>login</tag>
<status status="PASS" starttime="20211109 18:13:23.584" endtime="20211109 18:13:28.785"/>
</test>
<status status="PASS" starttime="20211109 18:13:23.445" endtime="20211109 18:13:28.787"/>
</suite>
<status status="PASS" starttime="20211109 18:13:23.425" endtime="20211109 18:13:28.790"/>
</suite>
<statistics>
<total>
<stat pass="1" fail="0" skip="0">All Tests</stat>
</total>
<tag>
<stat pass="1" fail="0" skip="0">login</stat>
</tag>
<suite>
<stat pass="1" fail="0" skip="0" id="s1" name="Tests">Tests</stat>
<stat pass="1" fail="0" skip="0" id="s1-s1" name="Login Form">Tests.Login Form</stat>
</suite>
</statistics>
<errors>
</errors>
</robot>
